0 info it worked if it ends with ok
1 verbose cli [ '/usr/local/bin/node',
1 verbose cli   '/usr/local/bin/npm',
1 verbose cli   'uninstall',
1 verbose cli   'learnyounode',
1 verbose cli   '-g' ]
2 info using npm@2.14.12
3 info using node@v4.2.6
4 verbose unbuild lib/node_modules/learnyounode
5 info preuninstall learnyounode@3.4.1
6 info uninstall learnyounode@3.4.1
7 verbose unbuild rmStuff learnyounode@3.4.1 from /usr/local/lib/node_modules
8 silly gentlyRm /usr/local/bin/learnyounode is being gently removed
9 silly gentlyRm verifying /usr/local is an npm working directory
10 silly gentlyRm containing path /usr/local is under npm's control, in /usr/local
11 silly gentlyRm deletion target /usr/local/bin/learnyounode is under /usr/local
12 verbose gentlyRm vacuuming from /usr/local/bin/learnyounode up to /usr/local
13 silly vacuum-fs removing /usr/local/bin/learnyounode
14 verbose stack Error: EACCES: permission denied, unlink '/usr/local/bin/learnyounode'
14 verbose stack     at Error (native)
15 verbose cwd /Users/AlexanderNielsen/WebstormProjects/JSExercisePeriod1
16 error Darwin 14.5.0
17 error argv "/usr/local/bin/node" "/usr/local/bin/npm" "uninstall" "learnyounode" "-g"
18 error node v4.2.6
19 error npm  v2.14.12
20 error path /usr/local/bin/learnyounode
21 error code EACCES
22 error errno -13
23 error syscall unlink
24 error Error: EACCES: permission denied, unlink '/usr/local/bin/learnyounode'
24 error     at Error (native)
24 error  { [Error: EACCES: permission denied, unlink '/usr/local/bin/learnyounode']
24 error   errno: -13,
24 error   code: 'EACCES',
24 error   syscall: 'unlink',
24 error   path: '/usr/local/bin/learnyounode' }
25 error Please try running this command again as root/Administrator.
26 verbose exit [ -13, true ]
